2023-06-21 10:00:13,687 main.py[line:428]INFO - connection succeeded !
2023-06-21 10:00:13,687 main.py[line:428]INFO - connection succeeded !
2023-06-21 10:01:37,114 main.py[line:710]INFO - Color recognition ok
2023-06-21 10:01:37,114 main.py[line:710]INFO - Color recognition ok
2023-06-21 10:15:55,201 main.py[line:428]INFO - connection succeeded !
2023-06-21 10:15:55,201 main.py[line:428]INFO - connection succeeded !
2023-06-21 10:16:12,704 main.py[line:710]INFO - Color recognition ok
2023-06-21 10:16:12,704 main.py[line:710]INFO - Color recognition ok
2023-06-21 10:18:34,007 main.py[line:710]INFO - Color recognition ok
2023-06-21 10:18:34,007 main.py[line:710]INFO - Color recognition ok
2023-06-21 10:24:35,709 main.py[line:428]INFO - connection succeeded !
2023-06-21 10:24:35,709 main.py[line:428]INFO - connection succeeded !
2023-06-21 10:25:01,025 main.py[line:1200]ERROR - Traceback (most recent call last):
  File "D:\BaiduSyncdisk\PythonProject\OpenCV\AiKit_UI\main.py", line 640, in show_camera
    show = cv2.cvtColor(frame, cv2.COLOR_BGR2RGB)
cv2.error: OpenCV(4.6.0) D:\a\opencv-python\opencv-python\opencv\modules\imgproc\src\color.cpp:182: error: (-215:Assertion failed) !_src.empty() in function 'cv::cvtColor'


2023-06-21 10:25:01,025 main.py[line:1200]ERROR - Traceback (most recent call last):
  File "D:\BaiduSyncdisk\PythonProject\OpenCV\AiKit_UI\main.py", line 640, in show_camera
    show = cv2.cvtColor(frame, cv2.COLOR_BGR2RGB)
cv2.error: OpenCV(4.6.0) D:\a\opencv-python\opencv-python\opencv\modules\imgproc\src\color.cpp:182: error: (-215:Assertion failed) !_src.empty() in function 'cv::cvtColor'


2023-06-21 10:25:52,448 main.py[line:428]INFO - connection succeeded !
2023-06-21 10:25:52,448 main.py[line:428]INFO - connection succeeded !
2023-06-21 10:26:03,985 main.py[line:710]INFO - Color recognition ok
2023-06-21 10:26:03,985 main.py[line:710]INFO - Color recognition ok
2023-06-21 10:26:32,477 main.py[line:710]INFO - Color recognition ok
2023-06-21 10:26:32,477 main.py[line:710]INFO - Color recognition ok
2023-06-21 10:26:52,559 main.py[line:1200]ERROR - Traceback (most recent call last):
  File "D:\BaiduSyncdisk\PythonProject\OpenCV\AiKit_UI\main.py", line 720, in show_camera
    show = cv2.cvtColor(frame, cv2.COLOR_BGR2RGB)
cv2.error: OpenCV(4.6.0) D:\a\opencv-python\opencv-python\opencv\modules\imgproc\src\color.cpp:182: error: (-215:Assertion failed) !_src.empty() in function 'cv::cvtColor'


2023-06-21 10:26:52,559 main.py[line:1200]ERROR - Traceback (most recent call last):
  File "D:\BaiduSyncdisk\PythonProject\OpenCV\AiKit_UI\main.py", line 720, in show_camera
    show = cv2.cvtColor(frame, cv2.COLOR_BGR2RGB)
cv2.error: OpenCV(4.6.0) D:\a\opencv-python\opencv-python\opencv\modules\imgproc\src\color.cpp:182: error: (-215:Assertion failed) !_src.empty() in function 'cv::cvtColor'


2023-06-21 10:27:18,297 main.py[line:710]INFO - Color recognition ok
2023-06-21 10:27:18,297 main.py[line:710]INFO - Color recognition ok
2023-06-21 10:27:53,588 main.py[line:1200]ERROR - Traceback (most recent call last):
  File "D:\BaiduSyncdisk\PythonProject\OpenCV\AiKit_UI\main.py", line 651, in show_camera
    if self.get_calculate_params(frame) is None:
  File "D:\BaiduSyncdisk\PythonProject\OpenCV\AiKit_UI\main.py", line 1292, in get_calculate_params
    gray = cv2.cvtColor(img, cv2.COLOR_BGR2GRAY)
cv2.error: OpenCV(4.6.0) D:\a\opencv-python\opencv-python\opencv\modules\imgproc\src\color.cpp:182: error: (-215:Assertion failed) !_src.empty() in function 'cv::cvtColor'


2023-06-21 10:27:53,588 main.py[line:1200]ERROR - Traceback (most recent call last):
  File "D:\BaiduSyncdisk\PythonProject\OpenCV\AiKit_UI\main.py", line 651, in show_camera
    if self.get_calculate_params(frame) is None:
  File "D:\BaiduSyncdisk\PythonProject\OpenCV\AiKit_UI\main.py", line 1292, in get_calculate_params
    gray = cv2.cvtColor(img, cv2.COLOR_BGR2GRAY)
cv2.error: OpenCV(4.6.0) D:\a\opencv-python\opencv-python\opencv\modules\imgproc\src\color.cpp:182: error: (-215:Assertion failed) !_src.empty() in function 'cv::cvtColor'


2023-06-21 10:30:23,133 main.py[line:428]INFO - connection succeeded !
2023-06-21 10:30:23,133 main.py[line:428]INFO - connection succeeded !
2023-06-21 10:30:36,223 main.py[line:710]INFO - Color recognition ok
2023-06-21 10:30:36,223 main.py[line:710]INFO - Color recognition ok
2023-06-21 10:30:50,998 main.py[line:1200]ERROR - Traceback (most recent call last):
  File "D:\BaiduSyncdisk\PythonProject\OpenCV\AiKit_UI\main.py", line 651, in show_camera
    if self.get_calculate_params(frame) is None:
  File "D:\BaiduSyncdisk\PythonProject\OpenCV\AiKit_UI\main.py", line 1292, in get_calculate_params
    gray = cv2.cvtColor(img, cv2.COLOR_BGR2GRAY)
cv2.error: OpenCV(4.6.0) D:\a\opencv-python\opencv-python\opencv\modules\imgproc\src\color.cpp:182: error: (-215:Assertion failed) !_src.empty() in function 'cv::cvtColor'


2023-06-21 10:30:50,998 main.py[line:1200]ERROR - Traceback (most recent call last):
  File "D:\BaiduSyncdisk\PythonProject\OpenCV\AiKit_UI\main.py", line 651, in show_camera
    if self.get_calculate_params(frame) is None:
  File "D:\BaiduSyncdisk\PythonProject\OpenCV\AiKit_UI\main.py", line 1292, in get_calculate_params
    gray = cv2.cvtColor(img, cv2.COLOR_BGR2GRAY)
cv2.error: OpenCV(4.6.0) D:\a\opencv-python\opencv-python\opencv\modules\imgproc\src\color.cpp:182: error: (-215:Assertion failed) !_src.empty() in function 'cv::cvtColor'


2023-06-21 10:48:04,410 main.py[line:438]INFO - connection succeeded !
2023-06-21 10:48:04,410 main.py[line:438]INFO - connection succeeded !
2023-06-21 10:48:15,151 main.py[line:720]INFO - Color recognition ok
2023-06-21 10:48:15,151 main.py[line:720]INFO - Color recognition ok
2023-06-21 10:49:26,191 main.py[line:1210]ERROR - Traceback (most recent call last):
  File "D:\BaiduSyncdisk\PythonProject\OpenCV\AiKit_UI\main.py", line 730, in show_camera
    show = cv2.cvtColor(frame, cv2.COLOR_BGR2RGB)
cv2.error: OpenCV(4.6.0) D:\a\opencv-python\opencv-python\opencv\modules\imgproc\src\color.cpp:182: error: (-215:Assertion failed) !_src.empty() in function 'cv::cvtColor'


2023-06-21 10:49:26,191 main.py[line:1210]ERROR - Traceback (most recent call last):
  File "D:\BaiduSyncdisk\PythonProject\OpenCV\AiKit_UI\main.py", line 730, in show_camera
    show = cv2.cvtColor(frame, cv2.COLOR_BGR2RGB)
cv2.error: OpenCV(4.6.0) D:\a\opencv-python\opencv-python\opencv\modules\imgproc\src\color.cpp:182: error: (-215:Assertion failed) !_src.empty() in function 'cv::cvtColor'


2023-06-21 10:55:09,745 main.py[line:1213]ERROR - Traceback (most recent call last):
  File "D:\BaiduSyncdisk\PythonProject\OpenCV\AiKit_UI\main.py", line 650, in show_camera
    show = cv2.cvtColor(frame, cv2.COLOR_BGR2RGB)
cv2.error: OpenCV(4.6.0) D:\a\opencv-python\opencv-python\opencv\modules\imgproc\src\color.cpp:182: error: (-215:Assertion failed) !_src.empty() in function 'cv::cvtColor'


2023-06-21 10:55:09,745 main.py[line:1213]ERROR - Traceback (most recent call last):
  File "D:\BaiduSyncdisk\PythonProject\OpenCV\AiKit_UI\main.py", line 650, in show_camera
    show = cv2.cvtColor(frame, cv2.COLOR_BGR2RGB)
cv2.error: OpenCV(4.6.0) D:\a\opencv-python\opencv-python\opencv\modules\imgproc\src\color.cpp:182: error: (-215:Assertion failed) !_src.empty() in function 'cv::cvtColor'


2023-06-21 10:55:28,751 main.py[line:438]INFO - connection succeeded !
2023-06-21 10:55:28,751 main.py[line:438]INFO - connection succeeded !
2023-06-21 10:55:47,428 main.py[line:1213]ERROR - Traceback (most recent call last):
  File "D:\BaiduSyncdisk\PythonProject\OpenCV\AiKit_UI\main.py", line 650, in show_camera
    show = cv2.cvtColor(frame, cv2.COLOR_BGR2RGB)
cv2.error: OpenCV(4.6.0) D:\a\opencv-python\opencv-python\opencv\modules\imgproc\src\color.cpp:182: error: (-215:Assertion failed) !_src.empty() in function 'cv::cvtColor'


2023-06-21 10:55:47,428 main.py[line:1213]ERROR - Traceback (most recent call last):
  File "D:\BaiduSyncdisk\PythonProject\OpenCV\AiKit_UI\main.py", line 650, in show_camera
    show = cv2.cvtColor(frame, cv2.COLOR_BGR2RGB)
cv2.error: OpenCV(4.6.0) D:\a\opencv-python\opencv-python\opencv\modules\imgproc\src\color.cpp:182: error: (-215:Assertion failed) !_src.empty() in function 'cv::cvtColor'


2023-06-21 11:09:47,391 main.py[line:438]INFO - connection succeeded !
2023-06-21 11:09:47,391 main.py[line:438]INFO - connection succeeded !
2023-06-21 11:10:05,424 main.py[line:1210]ERROR - Traceback (most recent call last):
  File "D:\BaiduSyncdisk\PythonProject\OpenCV\AiKit_UI\main.py", line 650, in show_camera
    show = cv2.cvtColor(frame, cv2.COLOR_BGR2RGB)
cv2.error: OpenCV(4.6.0) D:\a\opencv-python\opencv-python\opencv\modules\imgproc\src\color.cpp:182: error: (-215:Assertion failed) !_src.empty() in function 'cv::cvtColor'


2023-06-21 11:10:05,424 main.py[line:1210]ERROR - Traceback (most recent call last):
  File "D:\BaiduSyncdisk\PythonProject\OpenCV\AiKit_UI\main.py", line 650, in show_camera
    show = cv2.cvtColor(frame, cv2.COLOR_BGR2RGB)
cv2.error: OpenCV(4.6.0) D:\a\opencv-python\opencv-python\opencv\modules\imgproc\src\color.cpp:182: error: (-215:Assertion failed) !_src.empty() in function 'cv::cvtColor'


2023-06-21 11:10:41,314 main.py[line:438]INFO - connection succeeded !
2023-06-21 11:10:41,314 main.py[line:438]INFO - connection succeeded !
2023-06-21 11:11:01,850 main.py[line:1210]ERROR - Traceback (most recent call last):
  File "D:\BaiduSyncdisk\PythonProject\OpenCV\AiKit_UI\main.py", line 650, in show_camera
    show = cv2.cvtColor(frame, cv2.COLOR_BGR2RGB)
cv2.error: OpenCV(4.6.0) D:\a\opencv-python\opencv-python\opencv\modules\imgproc\src\color.cpp:182: error: (-215:Assertion failed) !_src.empty() in function 'cv::cvtColor'


2023-06-21 11:11:01,850 main.py[line:1210]ERROR - Traceback (most recent call last):
  File "D:\BaiduSyncdisk\PythonProject\OpenCV\AiKit_UI\main.py", line 650, in show_camera
    show = cv2.cvtColor(frame, cv2.COLOR_BGR2RGB)
cv2.error: OpenCV(4.6.0) D:\a\opencv-python\opencv-python\opencv\modules\imgproc\src\color.cpp:182: error: (-215:Assertion failed) !_src.empty() in function 'cv::cvtColor'


2023-06-21 11:11:31,766 main.py[line:438]INFO - connection succeeded !
2023-06-21 11:11:31,766 main.py[line:438]INFO - connection succeeded !
2023-06-21 11:13:00,435 main.py[line:354]INFO - Mycobot is not connected yet! ! ! Please connect to myCobot first! ! !
2023-06-21 11:13:00,435 main.py[line:354]INFO - Mycobot is not connected yet! ! ! Please connect to myCobot first! ! !
2023-06-21 11:13:35,673 main.py[line:354]INFO - Mycobot is not connected yet! ! ! Please connect to myCobot first! ! !
2023-06-21 11:13:35,673 main.py[line:354]INFO - Mycobot is not connected yet! ! ! Please connect to myCobot first! ! !
2023-06-21 11:15:44,485 main.py[line:354]INFO - Mycobot is not connected yet! ! ! Please connect to myCobot first! ! !
2023-06-21 11:15:44,485 main.py[line:354]INFO - Mycobot is not connected yet! ! ! Please connect to myCobot first! ! !
2023-06-21 11:16:08,298 main.py[line:438]INFO - connection succeeded !
2023-06-21 11:16:08,298 main.py[line:438]INFO - connection succeeded !
2023-06-21 11:16:27,949 main.py[line:1211]ERROR - Traceback (most recent call last):
  File "D:\BaiduSyncdisk\PythonProject\OpenCV\AiKit_UI\main.py", line 650, in show_camera
    show = cv2.cvtColor(frame, cv2.COLOR_BGR2RGB)
cv2.error: OpenCV(4.6.0) D:\a\opencv-python\opencv-python\opencv\modules\imgproc\src\color.cpp:182: error: (-215:Assertion failed) !_src.empty() in function 'cv::cvtColor'


2023-06-21 11:16:27,949 main.py[line:1211]ERROR - Traceback (most recent call last):
  File "D:\BaiduSyncdisk\PythonProject\OpenCV\AiKit_UI\main.py", line 650, in show_camera
    show = cv2.cvtColor(frame, cv2.COLOR_BGR2RGB)
cv2.error: OpenCV(4.6.0) D:\a\opencv-python\opencv-python\opencv\modules\imgproc\src\color.cpp:182: error: (-215:Assertion failed) !_src.empty() in function 'cv::cvtColor'


2023-06-21 11:30:34,737 main.py[line:438]INFO - connection succeeded !
2023-06-21 11:30:34,737 main.py[line:438]INFO - connection succeeded !
2023-06-21 11:30:53,671 main.py[line:721]INFO - Color recognition ok
2023-06-21 11:30:53,671 main.py[line:721]INFO - Color recognition ok
2023-06-21 11:31:20,831 main.py[line:721]INFO - Color recognition ok
2023-06-21 11:31:20,831 main.py[line:721]INFO - Color recognition ok
2023-06-21 11:32:06,985 main.py[line:721]INFO - Color recognition ok
2023-06-21 11:32:06,985 main.py[line:721]INFO - Color recognition ok
2023-06-21 11:32:56,753 main.py[line:721]INFO - Color recognition ok
2023-06-21 11:32:56,753 main.py[line:721]INFO - Color recognition ok
2023-06-21 11:34:19,873 main.py[line:438]INFO - connection succeeded !
2023-06-21 11:34:19,873 main.py[line:438]INFO - connection succeeded !
2023-06-21 11:34:33,282 main.py[line:721]INFO - Color recognition ok
2023-06-21 11:34:33,282 main.py[line:721]INFO - Color recognition ok
2023-06-21 11:34:44,868 main.py[line:1211]ERROR - Traceback (most recent call last):
  File "D:\BaiduSyncdisk\PythonProject\OpenCV\AiKit_UI\main.py", line 731, in show_camera
    show = cv2.cvtColor(frame, cv2.COLOR_BGR2RGB)
cv2.error: OpenCV(4.6.0) D:\a\opencv-python\opencv-python\opencv\modules\imgproc\src\color.cpp:182: error: (-215:Assertion failed) !_src.empty() in function 'cv::cvtColor'


2023-06-21 11:34:44,868 main.py[line:1211]ERROR - Traceback (most recent call last):
  File "D:\BaiduSyncdisk\PythonProject\OpenCV\AiKit_UI\main.py", line 731, in show_camera
    show = cv2.cvtColor(frame, cv2.COLOR_BGR2RGB)
cv2.error: OpenCV(4.6.0) D:\a\opencv-python\opencv-python\opencv\modules\imgproc\src\color.cpp:182: error: (-215:Assertion failed) !_src.empty() in function 'cv::cvtColor'


2023-06-21 11:35:59,360 main.py[line:438]INFO - connection succeeded !
2023-06-21 11:35:59,360 main.py[line:438]INFO - connection succeeded !
2023-06-21 11:36:12,392 main.py[line:721]INFO - Color recognition ok
2023-06-21 11:36:12,392 main.py[line:721]INFO - Color recognition ok
2023-06-21 11:36:30,744 main.py[line:438]INFO - connection succeeded !
2023-06-21 11:36:30,744 main.py[line:438]INFO - connection succeeded !
2023-06-21 11:36:46,351 main.py[line:721]INFO - Color recognition ok
2023-06-21 11:36:46,351 main.py[line:721]INFO - Color recognition ok
2023-06-21 11:37:07,676 main.py[line:1211]ERROR - Traceback (most recent call last):
  File "D:\BaiduSyncdisk\PythonProject\OpenCV\AiKit_UI\main.py", line 728, in show_camera
    detect_result = self.color_detect(frame)
  File "D:\BaiduSyncdisk\PythonProject\OpenCV\AiKit_UI\main.py", line 1382, in color_detect
    hsv = cv2.cvtColor(img, cv2.COLOR_BGR2HSV)
cv2.error: OpenCV(4.6.0) D:\a\opencv-python\opencv-python\opencv\modules\imgproc\src\color.cpp:182: error: (-215:Assertion failed) !_src.empty() in function 'cv::cvtColor'


2023-06-21 11:37:07,676 main.py[line:1211]ERROR - Traceback (most recent call last):
  File "D:\BaiduSyncdisk\PythonProject\OpenCV\AiKit_UI\main.py", line 728, in show_camera
    detect_result = self.color_detect(frame)
  File "D:\BaiduSyncdisk\PythonProject\OpenCV\AiKit_UI\main.py", line 1382, in color_detect
    hsv = cv2.cvtColor(img, cv2.COLOR_BGR2HSV)
cv2.error: OpenCV(4.6.0) D:\a\opencv-python\opencv-python\opencv\modules\imgproc\src\color.cpp:182: error: (-215:Assertion failed) !_src.empty() in function 'cv::cvtColor'


2023-06-21 11:38:00,438 main.py[line:438]INFO - connection succeeded !
2023-06-21 11:38:00,438 main.py[line:438]INFO - connection succeeded !
2023-06-21 11:38:10,358 main.py[line:721]INFO - Color recognition ok
2023-06-21 11:38:10,358 main.py[line:721]INFO - Color recognition ok
2023-06-21 11:40:24,023 main.py[line:1211]ERROR - Traceback (most recent call last):
  File "D:\BaiduSyncdisk\PythonProject\OpenCV\AiKit_UI\main.py", line 728, in show_camera
    detect_result = self.color_detect(frame)
  File "D:\BaiduSyncdisk\PythonProject\OpenCV\AiKit_UI\main.py", line 1382, in color_detect
    hsv = cv2.cvtColor(img, cv2.COLOR_BGR2HSV)
cv2.error: OpenCV(4.6.0) D:\a\opencv-python\opencv-python\opencv\modules\imgproc\src\color.cpp:182: error: (-215:Assertion failed) !_src.empty() in function 'cv::cvtColor'


2023-06-21 11:40:24,023 main.py[line:1211]ERROR - Traceback (most recent call last):
  File "D:\BaiduSyncdisk\PythonProject\OpenCV\AiKit_UI\main.py", line 728, in show_camera
    detect_result = self.color_detect(frame)
  File "D:\BaiduSyncdisk\PythonProject\OpenCV\AiKit_UI\main.py", line 1382, in color_detect
    hsv = cv2.cvtColor(img, cv2.COLOR_BGR2HSV)
cv2.error: OpenCV(4.6.0) D:\a\opencv-python\opencv-python\opencv\modules\imgproc\src\color.cpp:182: error: (-215:Assertion failed) !_src.empty() in function 'cv::cvtColor'


2023-06-21 11:41:37,079 main.py[line:438]INFO - connection succeeded !
2023-06-21 11:41:37,079 main.py[line:438]INFO - connection succeeded !
2023-06-21 11:41:49,597 main.py[line:721]INFO - Color recognition ok
2023-06-21 11:41:49,597 main.py[line:721]INFO - Color recognition ok
2023-06-21 11:45:30,618 main.py[line:721]INFO - Color recognition ok
2023-06-21 11:45:30,618 main.py[line:721]INFO - Color recognition ok
2023-06-21 11:46:42,601 main.py[line:354]INFO - Mycobot is not connected yet! ! ! Please connect to myCobot first! ! !
2023-06-21 11:46:42,601 main.py[line:354]INFO - Mycobot is not connected yet! ! ! Please connect to myCobot first! ! !
2023-06-21 11:49:59,581 main.py[line:721]INFO - Color recognition ok
2023-06-21 11:49:59,581 main.py[line:721]INFO - Color recognition ok
2023-06-21 11:50:31,631 main.py[line:1211]ERROR - Traceback (most recent call last):
  File "D:\BaiduSyncdisk\PythonProject\OpenCV\AiKit_UI\main.py", line 731, in show_camera
    show = cv2.cvtColor(frame, cv2.COLOR_BGR2RGB)
cv2.error: OpenCV(4.6.0) D:\a\opencv-python\opencv-python\opencv\modules\imgproc\src\color.cpp:182: error: (-215:Assertion failed) !_src.empty() in function 'cv::cvtColor'


2023-06-21 11:50:31,631 main.py[line:1211]ERROR - Traceback (most recent call last):
  File "D:\BaiduSyncdisk\PythonProject\OpenCV\AiKit_UI\main.py", line 731, in show_camera
    show = cv2.cvtColor(frame, cv2.COLOR_BGR2RGB)
cv2.error: OpenCV(4.6.0) D:\a\opencv-python\opencv-python\opencv\modules\imgproc\src\color.cpp:182: error: (-215:Assertion failed) !_src.empty() in function 'cv::cvtColor'


2023-06-21 13:40:31,620 main.py[line:721]INFO - Color recognition ok
2023-06-21 13:40:31,620 main.py[line:721]INFO - Color recognition ok
2023-06-21 13:41:12,712 main.py[line:354]INFO - Mycobot is not connected yet! ! ! Please connect to myCobot first! ! !
2023-06-21 13:41:12,712 main.py[line:354]INFO - Mycobot is not connected yet! ! ! Please connect to myCobot first! ! !
2023-06-21 13:44:40,420 main.py[line:1211]ERROR - Traceback (most recent call last):
  File "D:\BaiduSyncdisk\PythonProject\OpenCV\AiKit_UI\main.py", line 662, in show_camera
    if self.get_calculate_params(frame) is None:
  File "D:\BaiduSyncdisk\PythonProject\OpenCV\AiKit_UI\main.py", line 1303, in get_calculate_params
    gray = cv2.cvtColor(img, cv2.COLOR_BGR2GRAY)
cv2.error: OpenCV(4.6.0) D:\a\opencv-python\opencv-python\opencv\modules\imgproc\src\color.cpp:182: error: (-215:Assertion failed) !_src.empty() in function 'cv::cvtColor'


2023-06-21 13:44:40,420 main.py[line:1211]ERROR - Traceback (most recent call last):
  File "D:\BaiduSyncdisk\PythonProject\OpenCV\AiKit_UI\main.py", line 662, in show_camera
    if self.get_calculate_params(frame) is None:
  File "D:\BaiduSyncdisk\PythonProject\OpenCV\AiKit_UI\main.py", line 1303, in get_calculate_params
    gray = cv2.cvtColor(img, cv2.COLOR_BGR2GRAY)
cv2.error: OpenCV(4.6.0) D:\a\opencv-python\opencv-python\opencv\modules\imgproc\src\color.cpp:182: error: (-215:Assertion failed) !_src.empty() in function 'cv::cvtColor'


2023-06-21 13:45:11,427 main.py[line:354]INFO - Mycobot is not connected yet! ! ! Please connect to myCobot first! ! !
2023-06-21 13:45:11,427 main.py[line:354]INFO - Mycobot is not connected yet! ! ! Please connect to myCobot first! ! !
2023-06-21 13:45:20,942 main.py[line:721]INFO - Color recognition ok
2023-06-21 13:45:20,942 main.py[line:721]INFO - Color recognition ok
2023-06-21 13:45:43,691 main.py[line:1211]ERROR - Traceback (most recent call last):
  File "D:\BaiduSyncdisk\PythonProject\OpenCV\AiKit_UI\main.py", line 731, in show_camera
    show = cv2.cvtColor(frame, cv2.COLOR_BGR2RGB)
cv2.error: OpenCV(4.6.0) D:\a\opencv-python\opencv-python\opencv\modules\imgproc\src\color.cpp:182: error: (-215:Assertion failed) !_src.empty() in function 'cv::cvtColor'


2023-06-21 13:45:43,691 main.py[line:1211]ERROR - Traceback (most recent call last):
  File "D:\BaiduSyncdisk\PythonProject\OpenCV\AiKit_UI\main.py", line 731, in show_camera
    show = cv2.cvtColor(frame, cv2.COLOR_BGR2RGB)
cv2.error: OpenCV(4.6.0) D:\a\opencv-python\opencv-python\opencv\modules\imgproc\src\color.cpp:182: error: (-215:Assertion failed) !_src.empty() in function 'cv::cvtColor'


2023-06-21 13:46:24,413 main.py[line:721]INFO - Color recognition ok
2023-06-21 13:46:24,413 main.py[line:721]INFO - Color recognition ok
2023-06-21 13:46:59,764 main.py[line:721]INFO - Color recognition ok
2023-06-21 13:46:59,764 main.py[line:721]INFO - Color recognition ok
2023-06-21 13:49:09,152 main.py[line:1211]ERROR - Traceback (most recent call last):
  File "D:\BaiduSyncdisk\PythonProject\OpenCV\AiKit_UI\main.py", line 650, in show_camera
    show = cv2.cvtColor(frame, cv2.COLOR_BGR2RGB)
cv2.error: OpenCV(4.6.0) D:\a\opencv-python\opencv-python\opencv\modules\imgproc\src\color.cpp:182: error: (-215:Assertion failed) !_src.empty() in function 'cv::cvtColor'


2023-06-21 13:49:09,152 main.py[line:1211]ERROR - Traceback (most recent call last):
  File "D:\BaiduSyncdisk\PythonProject\OpenCV\AiKit_UI\main.py", line 650, in show_camera
    show = cv2.cvtColor(frame, cv2.COLOR_BGR2RGB)
cv2.error: OpenCV(4.6.0) D:\a\opencv-python\opencv-python\opencv\modules\imgproc\src\color.cpp:182: error: (-215:Assertion failed) !_src.empty() in function 'cv::cvtColor'


2023-06-21 13:49:56,306 main.py[line:721]INFO - Color recognition ok
2023-06-21 13:49:56,306 main.py[line:721]INFO - Color recognition ok
2023-06-21 13:59:43,519 main.py[line:719]INFO - Color recognition ok
2023-06-21 13:59:43,519 main.py[line:719]INFO - Color recognition ok
2023-06-21 14:00:08,558 main.py[line:354]INFO - Mycobot is not connected yet! ! ! Please connect to myCobot first! ! !
2023-06-21 14:00:08,558 main.py[line:354]INFO - Mycobot is not connected yet! ! ! Please connect to myCobot first! ! !
2023-06-21 14:00:57,182 main.py[line:438]INFO - connection succeeded !
2023-06-21 14:00:57,182 main.py[line:438]INFO - connection succeeded !
2023-06-21 14:01:09,038 main.py[line:719]INFO - Color recognition ok
2023-06-21 14:01:09,038 main.py[line:719]INFO - Color recognition ok
2023-06-21 14:02:04,178 main.py[line:1209]ERROR - Traceback (most recent call last):
  File "D:\BaiduSyncdisk\PythonProject\OpenCV\AiKit_UI\main.py", line 726, in show_camera
    detect_result = self.color_detect(frame)
  File "D:\BaiduSyncdisk\PythonProject\OpenCV\AiKit_UI\main.py", line 1380, in color_detect
    hsv = cv2.cvtColor(img, cv2.COLOR_BGR2HSV)
cv2.error: OpenCV(4.6.0) D:\a\opencv-python\opencv-python\opencv\modules\imgproc\src\color.cpp:182: error: (-215:Assertion failed) !_src.empty() in function 'cv::cvtColor'


2023-06-21 14:02:04,178 main.py[line:1209]ERROR - Traceback (most recent call last):
  File "D:\BaiduSyncdisk\PythonProject\OpenCV\AiKit_UI\main.py", line 726, in show_camera
    detect_result = self.color_detect(frame)
  File "D:\BaiduSyncdisk\PythonProject\OpenCV\AiKit_UI\main.py", line 1380, in color_detect
    hsv = cv2.cvtColor(img, cv2.COLOR_BGR2HSV)
cv2.error: OpenCV(4.6.0) D:\a\opencv-python\opencv-python\opencv\modules\imgproc\src\color.cpp:182: error: (-215:Assertion failed) !_src.empty() in function 'cv::cvtColor'


2023-06-21 14:03:26,437 main.py[line:438]INFO - connection succeeded !
2023-06-21 14:03:26,437 main.py[line:438]INFO - connection succeeded !
2023-06-21 14:03:36,941 main.py[line:719]INFO - Color recognition ok
2023-06-21 14:03:36,941 main.py[line:719]INFO - Color recognition ok
2023-06-21 14:04:21,229 main.py[line:1209]ERROR - Traceback (most recent call last):
  File "D:\BaiduSyncdisk\PythonProject\OpenCV\AiKit_UI\main.py", line 726, in show_camera
    detect_result = self.color_detect(frame)
  File "D:\BaiduSyncdisk\PythonProject\OpenCV\AiKit_UI\main.py", line 1378, in color_detect
    hsv = cv2.cvtColor(img, cv2.COLOR_BGR2HSV)
cv2.error: OpenCV(4.6.0) D:\a\opencv-python\opencv-python\opencv\modules\imgproc\src\color.cpp:182: error: (-215:Assertion failed) !_src.empty() in function 'cv::cvtColor'


2023-06-21 14:04:21,229 main.py[line:1209]ERROR - Traceback (most recent call last):
  File "D:\BaiduSyncdisk\PythonProject\OpenCV\AiKit_UI\main.py", line 726, in show_camera
    detect_result = self.color_detect(frame)
  File "D:\BaiduSyncdisk\PythonProject\OpenCV\AiKit_UI\main.py", line 1378, in color_detect
    hsv = cv2.cvtColor(img, cv2.COLOR_BGR2HSV)
cv2.error: OpenCV(4.6.0) D:\a\opencv-python\opencv-python\opencv\modules\imgproc\src\color.cpp:182: error: (-215:Assertion failed) !_src.empty() in function 'cv::cvtColor'


2023-06-21 14:08:22,377 main.py[line:438]INFO - connection succeeded !
2023-06-21 14:08:22,377 main.py[line:438]INFO - connection succeeded !
2023-06-21 14:08:34,049 main.py[line:719]INFO - Color recognition ok
2023-06-21 14:08:34,049 main.py[line:719]INFO - Color recognition ok
2023-06-21 14:09:11,481 main.py[line:861]ERROR - Abnormal image recognition£ºTraceback (most recent call last):
  File "D:\BaiduSyncdisk\PythonProject\OpenCV\AiKit_UI\main.py", line 828, in show_camera
    detect_result = self.obj_detect(frame, v)
  File "D:\BaiduSyncdisk\PythonProject\OpenCV\AiKit_UI\main.py", line 1454, in obj_detect
    kp2, des2 = sift.detectAndCompute(img, None)
cv2.error: OpenCV(4.6.0) D:\a\opencv-python\opencv-python\opencv\modules\features2d\src\sift.dispatch.cpp:477: error: (-5:Bad argument) image is empty or has incorrect depth (!=CV_8U) in function 'cv::SIFT_Impl::detectAndCompute'


2023-06-21 14:09:11,481 main.py[line:861]ERROR - Abnormal image recognition£ºTraceback (most recent call last):
  File "D:\BaiduSyncdisk\PythonProject\OpenCV\AiKit_UI\main.py", line 828, in show_camera
    detect_result = self.obj_detect(frame, v)
  File "D:\BaiduSyncdisk\PythonProject\OpenCV\AiKit_UI\main.py", line 1454, in obj_detect
    kp2, des2 = sift.detectAndCompute(img, None)
cv2.error: OpenCV(4.6.0) D:\a\opencv-python\opencv-python\opencv\modules\features2d\src\sift.dispatch.cpp:477: error: (-5:Bad argument) image is empty or has incorrect depth (!=CV_8U) in function 'cv::SIFT_Impl::detectAndCompute'


2023-06-21 14:09:21,532 main.py[line:861]ERROR - Abnormal image recognition£ºTraceback (most recent call last):
  File "D:\BaiduSyncdisk\PythonProject\OpenCV\AiKit_UI\main.py", line 828, in show_camera
    detect_result = self.obj_detect(frame, v)
  File "D:\BaiduSyncdisk\PythonProject\OpenCV\AiKit_UI\main.py", line 1454, in obj_detect
    kp2, des2 = sift.detectAndCompute(img, None)
cv2.error: OpenCV(4.6.0) D:\a\opencv-python\opencv-python\opencv\modules\features2d\src\sift.dispatch.cpp:477: error: (-5:Bad argument) image is empty or has incorrect depth (!=CV_8U) in function 'cv::SIFT_Impl::detectAndCompute'


2023-06-21 14:09:21,532 main.py[line:861]ERROR - Abnormal image recognition£ºTraceback (most recent call last):
  File "D:\BaiduSyncdisk\PythonProject\OpenCV\AiKit_UI\main.py", line 828, in show_camera
    detect_result = self.obj_detect(frame, v)
  File "D:\BaiduSyncdisk\PythonProject\OpenCV\AiKit_UI\main.py", line 1454, in obj_detect
    kp2, des2 = sift.detectAndCompute(img, None)
cv2.error: OpenCV(4.6.0) D:\a\opencv-python\opencv-python\opencv\modules\features2d\src\sift.dispatch.cpp:477: error: (-5:Bad argument) image is empty or has incorrect depth (!=CV_8U) in function 'cv::SIFT_Impl::detectAndCompute'


2023-06-21 14:09:31,557 main.py[line:861]ERROR - Abnormal image recognition£ºTraceback (most recent call last):
  File "D:\BaiduSyncdisk\PythonProject\OpenCV\AiKit_UI\main.py", line 828, in show_camera
    detect_result = self.obj_detect(frame, v)
  File "D:\BaiduSyncdisk\PythonProject\OpenCV\AiKit_UI\main.py", line 1454, in obj_detect
    kp2, des2 = sift.detectAndCompute(img, None)
cv2.error: OpenCV(4.6.0) D:\a\opencv-python\opencv-python\opencv\modules\features2d\src\sift.dispatch.cpp:477: error: (-5:Bad argument) image is empty or has incorrect depth (!=CV_8U) in function 'cv::SIFT_Impl::detectAndCompute'


2023-06-21 14:09:31,557 main.py[line:861]ERROR - Abnormal image recognition£ºTraceback (most recent call last):
  File "D:\BaiduSyncdisk\PythonProject\OpenCV\AiKit_UI\main.py", line 828, in show_camera
    detect_result = self.obj_detect(frame, v)
  File "D:\BaiduSyncdisk\PythonProject\OpenCV\AiKit_UI\main.py", line 1454, in obj_detect
    kp2, des2 = sift.detectAndCompute(img, None)
cv2.error: OpenCV(4.6.0) D:\a\opencv-python\opencv-python\opencv\modules\features2d\src\sift.dispatch.cpp:477: error: (-5:Bad argument) image is empty or has incorrect depth (!=CV_8U) in function 'cv::SIFT_Impl::detectAndCompute'


2023-06-21 14:09:41,579 main.py[line:861]ERROR - Abnormal image recognition£ºTraceback (most recent call last):
  File "D:\BaiduSyncdisk\PythonProject\OpenCV\AiKit_UI\main.py", line 828, in show_camera
    detect_result = self.obj_detect(frame, v)
  File "D:\BaiduSyncdisk\PythonProject\OpenCV\AiKit_UI\main.py", line 1454, in obj_detect
    kp2, des2 = sift.detectAndCompute(img, None)
cv2.error: OpenCV(4.6.0) D:\a\opencv-python\opencv-python\opencv\modules\features2d\src\sift.dispatch.cpp:477: error: (-5:Bad argument) image is empty or has incorrect depth (!=CV_8U) in function 'cv::SIFT_Impl::detectAndCompute'


2023-06-21 14:09:41,579 main.py[line:861]ERROR - Abnormal image recognition£ºTraceback (most recent call last):
  File "D:\BaiduSyncdisk\PythonProject\OpenCV\AiKit_UI\main.py", line 828, in show_camera
    detect_result = self.obj_detect(frame, v)
  File "D:\BaiduSyncdisk\PythonProject\OpenCV\AiKit_UI\main.py", line 1454, in obj_detect
    kp2, des2 = sift.detectAndCompute(img, None)
cv2.error: OpenCV(4.6.0) D:\a\opencv-python\opencv-python\opencv\modules\features2d\src\sift.dispatch.cpp:477: error: (-5:Bad argument) image is empty or has incorrect depth (!=CV_8U) in function 'cv::SIFT_Impl::detectAndCompute'


2023-06-21 14:10:16,092 main.py[line:438]INFO - connection succeeded !
2023-06-21 14:10:16,092 main.py[line:438]INFO - connection succeeded !
2023-06-21 14:10:36,686 main.py[line:1209]ERROR - Traceback (most recent call last):
  File "D:\BaiduSyncdisk\PythonProject\OpenCV\AiKit_UI\main.py", line 658, in show_camera
    self.process_frame(frame)
  File "D:\BaiduSyncdisk\PythonProject\OpenCV\AiKit_UI\main.py", line 630, in process_frame
    show = cv2.cvtColor(frame, cv2.COLOR_BGR2RGB)
cv2.error: OpenCV(4.6.0) D:\a\opencv-python\opencv-python\opencv\modules\imgproc\src\color.cpp:182: error: (-215:Assertion failed) !_src.empty() in function 'cv::cvtColor'


2023-06-21 14:10:36,686 main.py[line:1209]ERROR - Traceback (most recent call last):
  File "D:\BaiduSyncdisk\PythonProject\OpenCV\AiKit_UI\main.py", line 658, in show_camera
    self.process_frame(frame)
  File "D:\BaiduSyncdisk\PythonProject\OpenCV\AiKit_UI\main.py", line 630, in process_frame
    show = cv2.cvtColor(frame, cv2.COLOR_BGR2RGB)
cv2.error: OpenCV(4.6.0) D:\a\opencv-python\opencv-python\opencv\modules\imgproc\src\color.cpp:182: error: (-215:Assertion failed) !_src.empty() in function 'cv::cvtColor'


2023-06-21 14:11:45,062 main.py[line:438]INFO - connection succeeded !
2023-06-21 14:11:45,062 main.py[line:438]INFO - connection succeeded !
2023-06-21 14:12:03,522 main.py[line:1209]ERROR - Traceback (most recent call last):
  File "D:\BaiduSyncdisk\PythonProject\OpenCV\AiKit_UI\main.py", line 658, in show_camera
    self.process_frame(frame)
  File "D:\BaiduSyncdisk\PythonProject\OpenCV\AiKit_UI\main.py", line 630, in process_frame
    show = cv2.cvtColor(frame, cv2.COLOR_BGR2RGB)
cv2.error: OpenCV(4.6.0) D:\a\opencv-python\opencv-python\opencv\modules\imgproc\src\color.cpp:182: error: (-215:Assertion failed) !_src.empty() in function 'cv::cvtColor'


2023-06-21 14:12:03,522 main.py[line:1209]ERROR - Traceback (most recent call last):
  File "D:\BaiduSyncdisk\PythonProject\OpenCV\AiKit_UI\main.py", line 658, in show_camera
    self.process_frame(frame)
  File "D:\BaiduSyncdisk\PythonProject\OpenCV\AiKit_UI\main.py", line 630, in process_frame
    show = cv2.cvtColor(frame, cv2.COLOR_BGR2RGB)
cv2.error: OpenCV(4.6.0) D:\a\opencv-python\opencv-python\opencv\modules\imgproc\src\color.cpp:182: error: (-215:Assertion failed) !_src.empty() in function 'cv::cvtColor'


2023-06-21 14:16:23,134 main.py[line:438]INFO - connection succeeded !
2023-06-21 14:16:23,134 main.py[line:438]INFO - connection succeeded !
2023-06-21 14:24:57,614 main.py[line:438]INFO - connection succeeded !
2023-06-21 14:24:57,614 main.py[line:438]INFO - connection succeeded !
2023-06-21 14:30:49,666 main.py[line:438]INFO - connection succeeded !
2023-06-21 14:30:49,666 main.py[line:438]INFO - connection succeeded !
